g:\freelancer projects\plugins\learning\aftereffectssdk 17.1.2\examples\nt productions\colour scheme generator\win\x64\release\colourschemegenerator.bsc
g:\freelancer projects\plugins\learning\aftereffectssdk\examples\nt productions\colour scheme generator\win\x64\release\colourschemegenerator.bsc
g:\freelancer projects\plugins\learning\aftereffectssdk 17.1.2\examples\nt productions\colour scheme generator\win\x64\release\vc142.pdb
g:\freelancer projects\plugins\learning\aftereffectssdk 17.1.2\examples\nt productions\colour scheme generator\win\x64\release\aefx_suitehelper.sbr
g:\freelancer projects\plugins\learning\aftereffectssdk 17.1.2\examples\nt productions\colour scheme generator\win\x64\release\aefx_suitehelper.obj
g:\freelancer projects\plugins\learning\aftereffectssdk 17.1.2\examples\nt productions\colour scheme generator\win\x64\release\aegp_suitehandler.sbr
g:\freelancer projects\plugins\learning\aftereffectssdk 17.1.2\examples\nt productions\colour scheme generator\win\x64\release\missingsuiteerror.sbr
g:\freelancer projects\plugins\learning\aftereffectssdk 17.1.2\examples\nt productions\colour scheme generator\win\x64\release\smart_utils.sbr
g:\freelancer projects\plugins\learning\aftereffectssdk 17.1.2\examples\nt productions\colour scheme generator\win\x64\release\colourschemegenerator.sbr
g:\freelancer projects\plugins\learning\aftereffectssdk 17.1.2\examples\nt productions\colour scheme generator\win\x64\release\colourschemegenerator_strings.sbr
g:\freelancer projects\plugins\learning\aftereffectssdk 17.1.2\examples\nt productions\colour scheme generator\win\x64\release\colourschemegenerator_strings.obj
g:\freelancer projects\plugins\learning\aftereffectssdk 17.1.2\examples\nt productions\colour scheme generator\win\x64\release\colourschemegenerator.obj
g:\freelancer projects\plugins\learning\aftereffectssdk 17.1.2\examples\nt productions\colour scheme generator\win\x64\release\smart_utils.obj
g:\freelancer projects\plugins\learning\aftereffectssdk 17.1.2\examples\nt productions\colour scheme generator\win\x64\release\missingsuiteerror.obj
g:\freelancer projects\plugins\learning\aftereffectssdk 17.1.2\examples\nt productions\colour scheme generator\win\x64\release\aegp_suitehandler.obj
g:\freelancer projects\plugins\learning\aftereffectssdk\examples\nt productions\colour scheme generator\win\x64\release\vc142.pdb
g:\freelancer projects\plugins\learning\aftereffectssdk\examples\nt productions\colour scheme generator\win\x64\release\aefx_suitehelper.sbr
g:\freelancer projects\plugins\learning\aftereffectssdk\examples\nt productions\colour scheme generator\win\x64\release\aefx_suitehelper.obj
g:\freelancer projects\plugins\learning\aftereffectssdk\examples\nt productions\colour scheme generator\win\x64\release\aegp_suitehandler.sbr
g:\freelancer projects\plugins\learning\aftereffectssdk\examples\nt productions\colour scheme generator\win\x64\release\missingsuiteerror.sbr
g:\freelancer projects\plugins\learning\aftereffectssdk\examples\nt productions\colour scheme generator\win\x64\release\smart_utils.sbr
g:\freelancer projects\plugins\learning\aftereffectssdk\examples\nt productions\colour scheme generator\win\x64\release\colourschemegenerator.sbr
g:\freelancer projects\plugins\learning\aftereffectssdk\examples\nt productions\colour scheme generator\win\x64\release\colourschemegenerator_strings.sbr
g:\freelancer projects\plugins\learning\aftereffectssdk\examples\nt productions\colour scheme generator\win\x64\release\colourschemegenerator_strings.obj
g:\freelancer projects\plugins\learning\aftereffectssdk\examples\nt productions\colour scheme generator\win\x64\release\colourschemegenerator.obj
g:\freelancer projects\plugins\learning\aftereffectssdk\examples\nt productions\colour scheme generator\win\x64\release\smart_utils.obj
g:\freelancer projects\plugins\learning\aftereffectssdk\examples\nt productions\colour scheme generator\win\x64\release\missingsuiteerror.obj
g:\freelancer projects\plugins\learning\aftereffectssdk\examples\nt productions\colour scheme generator\win\x64\release\aegp_suitehandler.obj
g:\freelancer projects\plugins\learning\aftereffectssdk 17.1.2\examples\nt productions\colour scheme generator\win\x64\release\colourschemegenerator.lib
g:\freelancer projects\plugins\learning\aftereffectssdk 17.1.2\examples\nt productions\colour scheme generator\win\x64\release\colourschemegenerator.exp
g:\freelancer projects\plugins\learning\aftereffectssdk\examples\nt productions\colour scheme generator\win\x64\release\colourschemegenerator.lib
g:\freelancer projects\plugins\learning\aftereffectssdk\examples\nt productions\colour scheme generator\win\x64\release\colourschemegenerator.exp
g:\freelancer projects\plugins\learning\aftereffectssdk\examples\nt productions\colour scheme generator\win\colourschemegeneratorpipl.rc
c:\program files\adobe\common\plug-ins\7.0\mediacore\nt productions\colourschemegenerator.aex
g:\freelancer projects\plugins\learning\aftereffectssdk 17.1.2\examples\nt productions\colour scheme generator\win\x64\release\colourschemegeneratorpipl.res
g:\freelancer projects\plugins\learning\aftereffectssdk\examples\nt productions\colour scheme generator\win\x64\release\colourschemegeneratorpipl.res
g:\freelancer projects\plugins\learning\aftereffectssdk\examples\nt productions\colour scheme generator\win\x64\release\coloursc.2c8ded3e.tlog\bscmake.command.1.tlog
g:\freelancer projects\plugins\learning\aftereffectssdk\examples\nt productions\colour scheme generator\win\x64\release\coloursc.2c8ded3e.tlog\bscmake.read.1.tlog
g:\freelancer projects\plugins\learning\aftereffectssdk\examples\nt productions\colour scheme generator\win\x64\release\coloursc.2c8ded3e.tlog\bscmake.write.1.tlog
g:\freelancer projects\plugins\learning\aftereffectssdk\examples\nt productions\colour scheme generator\win\x64\release\coloursc.2c8ded3e.tlog\cl.command.1.tlog
g:\freelancer projects\plugins\learning\aftereffectssdk\examples\nt productions\colour scheme generator\win\x64\release\coloursc.2c8ded3e.tlog\cl.read.1.tlog
g:\freelancer projects\plugins\learning\aftereffectssdk\examples\nt productions\colour scheme generator\win\x64\release\coloursc.2c8ded3e.tlog\cl.write.1.tlog
g:\freelancer projects\plugins\learning\aftereffectssdk\examples\nt productions\colour scheme generator\win\x64\release\coloursc.2c8ded3e.tlog\colourschemegenerator.write.1u.tlog
g:\freelancer projects\plugins\learning\aftereffectssdk\examples\nt productions\colour scheme generator\win\x64\release\coloursc.2c8ded3e.tlog\custombuild.command.1.tlog
g:\freelancer projects\plugins\learning\aftereffectssdk\examples\nt productions\colour scheme generator\win\x64\release\coloursc.2c8ded3e.tlog\custombuild.read.1.tlog
g:\freelancer projects\plugins\learning\aftereffectssdk\examples\nt productions\colour scheme generator\win\x64\release\coloursc.2c8ded3e.tlog\custombuild.write.1.tlog
g:\freelancer projects\plugins\learning\aftereffectssdk\examples\nt productions\colour scheme generator\win\x64\release\coloursc.2c8ded3e.tlog\link.command.1.tlog
g:\freelancer projects\plugins\learning\aftereffectssdk\examples\nt productions\colour scheme generator\win\x64\release\coloursc.2c8ded3e.tlog\link.delete.1.tlog
g:\freelancer projects\plugins\learning\aftereffectssdk\examples\nt productions\colour scheme generator\win\x64\release\coloursc.2c8ded3e.tlog\link.read.1.tlog
g:\freelancer projects\plugins\learning\aftereffectssdk\examples\nt productions\colour scheme generator\win\x64\release\coloursc.2c8ded3e.tlog\link.write.1.tlog
g:\freelancer projects\plugins\learning\aftereffectssdk\examples\nt productions\colour scheme generator\win\x64\release\coloursc.2c8ded3e.tlog\rc.command.1.tlog
g:\freelancer projects\plugins\learning\aftereffectssdk\examples\nt productions\colour scheme generator\win\x64\release\coloursc.2c8ded3e.tlog\rc.read.1.tlog
g:\freelancer projects\plugins\learning\aftereffectssdk\examples\nt productions\colour scheme generator\win\x64\release\coloursc.2c8ded3e.tlog\rc.write.1.tlog
