g:\freelancer projects\plugins\learning\aftereffectssdk 17.1.2\examples\nt productions\colour scheme generator\win\x64\debug\colourschemegenerator.bsc
g:\freelancer projects\plugins\learning\aftereffectssdk 17.1.2\examples\nt productions\colour scheme generator\win\x64\debug\vc142.pdb
g:\freelancer projects\plugins\learning\aftereffectssdk 17.1.2\examples\nt productions\colour scheme generator\win\x64\debug\aefx_suitehelper.sbr
g:\freelancer projects\plugins\learning\aftereffectssdk 17.1.2\examples\nt productions\colour scheme generator\win\x64\debug\aefx_suitehelper.obj
g:\freelancer projects\plugins\learning\aftereffectssdk 17.1.2\examples\nt productions\colour scheme generator\win\x64\debug\aegp_suitehandler.sbr
g:\freelancer projects\plugins\learning\aftereffectssdk 17.1.2\examples\nt productions\colour scheme generator\win\x64\debug\missingsuiteerror.sbr
g:\freelancer projects\plugins\learning\aftereffectssdk 17.1.2\examples\nt productions\colour scheme generator\win\x64\debug\smart_utils.sbr
g:\freelancer projects\plugins\learning\aftereffectssdk 17.1.2\examples\nt productions\colour scheme generator\win\x64\debug\colourschemegenerator.sbr
g:\freelancer projects\plugins\learning\aftereffectssdk 17.1.2\examples\nt productions\colour scheme generator\win\x64\debug\colourschemegenerator_strings.sbr
g:\freelancer projects\plugins\learning\aftereffectssdk 17.1.2\examples\nt productions\colour scheme generator\win\x64\debug\colourschemegenerator_strings.obj
g:\freelancer projects\plugins\learning\aftereffectssdk 17.1.2\examples\nt productions\colour scheme generator\win\x64\debug\colourschemegenerator.obj
g:\freelancer projects\plugins\learning\aftereffectssdk 17.1.2\examples\nt productions\colour scheme generator\win\x64\debug\smart_utils.obj
g:\freelancer projects\plugins\learning\aftereffectssdk 17.1.2\examples\nt productions\colour scheme generator\win\x64\debug\missingsuiteerror.obj
g:\freelancer projects\plugins\learning\aftereffectssdk 17.1.2\examples\nt productions\colour scheme generator\win\x64\debug\aegp_suitehandler.obj
d:\freelancer projects\plugins\learning\aftereffectssdk 17.1.2\examples\nt productions\colour scheme generator\win\x64\debug\colourschemegenerator.lib
d:\freelancer projects\plugins\learning\aftereffectssdk 17.1.2\examples\nt productions\colour scheme generator\win\x64\debug\colourschemegenerator.exp
g:\freelancer projects\plugins\learning\aftereffectssdk 17.1.2\examples\nt productions\colour scheme generator\win\x64\debug\colourschemegenerator.lib
g:\freelancer projects\plugins\learning\aftereffectssdk 17.1.2\examples\nt productions\colour scheme generator\win\x64\debug\colourschemegenerator.exp
g:\freelancer projects\plugins\learning\aftereffectssdk 17.1.2\examples\nt productions\colour scheme generator\win\colourschemegeneratorpipl.rc
c:\program files\adobe\common\plug-ins\7.0\mediacore\nt productions\colourschemegenerator.aex
c:\program files\adobe\common\plug-ins\7.0\mediacore\nt productions\colourschemegenerator.ilk
g:\freelancer projects\plugins\learning\aftereffectssdk 17.1.2\examples\nt productions\colour scheme generator\win\x64\debug\colourschemegenerator.pdb
g:\freelancer projects\plugins\learning\aftereffectssdk 17.1.2\examples\nt productions\colour scheme generator\win\x64\debug\colourschemegeneratorpipl.res
g:\freelancer projects\plugins\learning\aftereffectssdk 17.1.2\examples\nt productions\colour scheme generator\win\x64\debug\coloursc.2c8ded3e.tlog\bscmake.command.1.tlog
g:\freelancer projects\plugins\learning\aftereffectssdk 17.1.2\examples\nt productions\colour scheme generator\win\x64\debug\coloursc.2c8ded3e.tlog\bscmake.read.1.tlog
g:\freelancer projects\plugins\learning\aftereffectssdk 17.1.2\examples\nt productions\colour scheme generator\win\x64\debug\coloursc.2c8ded3e.tlog\bscmake.write.1.tlog
g:\freelancer projects\plugins\learning\aftereffectssdk 17.1.2\examples\nt productions\colour scheme generator\win\x64\debug\coloursc.2c8ded3e.tlog\cl.command.1.tlog
g:\freelancer projects\plugins\learning\aftereffectssdk 17.1.2\examples\nt productions\colour scheme generator\win\x64\debug\coloursc.2c8ded3e.tlog\cl.read.1.tlog
g:\freelancer projects\plugins\learning\aftereffectssdk 17.1.2\examples\nt productions\colour scheme generator\win\x64\debug\coloursc.2c8ded3e.tlog\cl.write.1.tlog
g:\freelancer projects\plugins\learning\aftereffectssdk 17.1.2\examples\nt productions\colour scheme generator\win\x64\debug\coloursc.2c8ded3e.tlog\colourschemegenerator.write.1u.tlog
g:\freelancer projects\plugins\learning\aftereffectssdk 17.1.2\examples\nt productions\colour scheme generator\win\x64\debug\coloursc.2c8ded3e.tlog\custombuild.command.1.tlog
g:\freelancer projects\plugins\learning\aftereffectssdk 17.1.2\examples\nt productions\colour scheme generator\win\x64\debug\coloursc.2c8ded3e.tlog\custombuild.read.1.tlog
g:\freelancer projects\plugins\learning\aftereffectssdk 17.1.2\examples\nt productions\colour scheme generator\win\x64\debug\coloursc.2c8ded3e.tlog\custombuild.write.1.tlog
g:\freelancer projects\plugins\learning\aftereffectssdk 17.1.2\examples\nt productions\colour scheme generator\win\x64\debug\coloursc.2c8ded3e.tlog\link.command.1.tlog
g:\freelancer projects\plugins\learning\aftereffectssdk 17.1.2\examples\nt productions\colour scheme generator\win\x64\debug\coloursc.2c8ded3e.tlog\link.delete.1.tlog
g:\freelancer projects\plugins\learning\aftereffectssdk 17.1.2\examples\nt productions\colour scheme generator\win\x64\debug\coloursc.2c8ded3e.tlog\link.read.1.tlog
g:\freelancer projects\plugins\learning\aftereffectssdk 17.1.2\examples\nt productions\colour scheme generator\win\x64\debug\coloursc.2c8ded3e.tlog\link.write.1.tlog
g:\freelancer projects\plugins\learning\aftereffectssdk 17.1.2\examples\nt productions\colour scheme generator\win\x64\debug\coloursc.2c8ded3e.tlog\rc.command.1.tlog
g:\freelancer projects\plugins\learning\aftereffectssdk 17.1.2\examples\nt productions\colour scheme generator\win\x64\debug\coloursc.2c8ded3e.tlog\rc.read.1.tlog
g:\freelancer projects\plugins\learning\aftereffectssdk 17.1.2\examples\nt productions\colour scheme generator\win\x64\debug\coloursc.2c8ded3e.tlog\rc.write.1.tlog
