d:\freelancer projects\plugins\learning\aftereffectssdk 17.1.2\examples\nt productions\day4nite\win\x64\debug\day2nite.bsc
d:\freelancer projects\plugins\learning\aftereffectssdk 17.1.2\examples\nt productions\day4nite\win\x64\debug\vc142.pdb
d:\freelancer projects\plugins\learning\aftereffectssdk 17.1.2\examples\nt productions\day4nite\win\x64\debug\day2nite.sbr
d:\freelancer projects\plugins\learning\aftereffectssdk 17.1.2\examples\nt productions\day4nite\win\x64\debug\day2nite_strings.sbr
d:\freelancer projects\plugins\learning\aftereffectssdk 17.1.2\examples\nt productions\day4nite\win\x64\debug\day2nite_strings.obj
d:\freelancer projects\plugins\learning\aftereffectssdk 17.1.2\examples\nt productions\day4nite\win\x64\debug\aegp_suitehandler.sbr
d:\freelancer projects\plugins\learning\aftereffectssdk 17.1.2\examples\nt productions\day4nite\win\x64\debug\missingsuiteerror.sbr
d:\freelancer projects\plugins\learning\aftereffectssdk 17.1.2\examples\nt productions\day4nite\win\x64\debug\day2nite.obj
d:\freelancer projects\plugins\learning\aftereffectssdk 17.1.2\examples\nt productions\day4nite\win\x64\debug\missingsuiteerror.obj
d:\freelancer projects\plugins\learning\aftereffectssdk 17.1.2\examples\nt productions\day4nite\win\x64\debug\aegp_suitehandler.obj
d:\freelancer projects\plugins\learning\aftereffectssdk 17.1.2\examples\nt productions\day4nite\win\day2nitepipl.rc
d:\freelancer projects\plugins\learning\aftereffectssdk 17.1.2\examples\nt productions\day4nite\win\x64\debug\day2nite.lib
d:\freelancer projects\plugins\learning\aftereffectssdk 17.1.2\examples\nt productions\day4nite\win\x64\debug\day2nite.exp
d:\freelancer projects\plugins\learning\aftereffectssdk 17.1.2\examples\nt productions\day4nite\win\x64\debug\day2nitepipl.res
d:\freelancer projects\plugins\learning\aftereffectssdk 17.1.2\examples\nt productions\day4nite\win\x64\debug\day4nite.obj
d:\freelancer projects\plugins\learning\aftereffectssdk 17.1.2\examples\nt productions\day4nite\win\x64\debug\day4nite_strings.obj
d:\freelancer projects\plugins\learning\aftereffectssdk 17.1.2\examples\nt productions\day4nite\win\x64\debug\skeleton.obj
d:\freelancer projects\plugins\learning\aftereffectssdk 17.1.2\examples\nt productions\day4nite\win\x64\debug\skeleton_strings.obj
d:\freelancer projects\plugins\learning\aftereffectssdk 17.1.2\examples\nt productions\day4nite\win\x64\debug\day4nitepipl.res
d:\freelancer projects\plugins\learning\aftereffectssdk 17.1.2\examples\nt productions\day4nite\win\x64\debug\skeletonpipl.res
d:\freelancer projects\plugins\learning\aftereffectssdk 17.1.2\examples\nt productions\day4nite\win\x64\debug\day4nite.exp
d:\freelancer projects\plugins\learning\aftereffectssdk 17.1.2\examples\nt productions\day4nite\win\x64\debug\skeleton.exp
d:\freelancer projects\plugins\learning\aftereffectssdk 17.1.2\examples\nt productions\day4nite\win\x64\debug\day2nite.pdb
d:\freelancer projects\plugins\learning\aftereffectssdk 17.1.2\examples\nt productions\day4nite\win\x64\debug\day4nite.pdb
d:\freelancer projects\plugins\learning\aftereffectssdk 17.1.2\examples\nt productions\day4nite\win\x64\debug\skeleton.pdb
d:\freelancer projects\plugins\learning\aftereffectssdk 17.1.2\examples\nt productions\day4nite\win\x64\debug\day4nite.bsc
d:\freelancer projects\plugins\learning\aftereffectssdk 17.1.2\examples\nt productions\day4nite\win\x64\debug\skeleton.bsc
d:\freelancer projects\plugins\learning\aftereffectssdk 17.1.2\examples\nt productions\day4nite\win\x64\debug\day4nite.sbr
d:\freelancer projects\plugins\learning\aftereffectssdk 17.1.2\examples\nt productions\day4nite\win\x64\debug\day4nite_strings.sbr
d:\freelancer projects\plugins\learning\aftereffectssdk 17.1.2\examples\nt productions\day4nite\win\x64\debug\skeleton.sbr
d:\freelancer projects\plugins\learning\aftereffectssdk 17.1.2\examples\nt productions\day4nite\win\x64\debug\skeleton_strings.sbr
d:\freelancer projects\plugins\learning\aftereffectssdk 17.1.2\examples\nt productions\day4nite\win\x64\debug\day2nite.tlog\bscmake.command.1.tlog
d:\freelancer projects\plugins\learning\aftereffectssdk 17.1.2\examples\nt productions\day4nite\win\x64\debug\day2nite.tlog\bscmake.read.1.tlog
d:\freelancer projects\plugins\learning\aftereffectssdk 17.1.2\examples\nt productions\day4nite\win\x64\debug\day2nite.tlog\bscmake.write.1.tlog
d:\freelancer projects\plugins\learning\aftereffectssdk 17.1.2\examples\nt productions\day4nite\win\x64\debug\day2nite.tlog\cl.command.1.tlog
d:\freelancer projects\plugins\learning\aftereffectssdk 17.1.2\examples\nt productions\day4nite\win\x64\debug\day2nite.tlog\cl.read.1.tlog
d:\freelancer projects\plugins\learning\aftereffectssdk 17.1.2\examples\nt productions\day4nite\win\x64\debug\day2nite.tlog\cl.write.1.tlog
d:\freelancer projects\plugins\learning\aftereffectssdk 17.1.2\examples\nt productions\day4nite\win\x64\debug\day2nite.tlog\custombuild.command.1.tlog
d:\freelancer projects\plugins\learning\aftereffectssdk 17.1.2\examples\nt productions\day4nite\win\x64\debug\day2nite.tlog\custombuild.read.1.tlog
d:\freelancer projects\plugins\learning\aftereffectssdk 17.1.2\examples\nt productions\day4nite\win\x64\debug\day2nite.tlog\custombuild.write.1.tlog
d:\freelancer projects\plugins\learning\aftereffectssdk 17.1.2\examples\nt productions\day4nite\win\x64\debug\day2nite.tlog\day2nite.write.1u.tlog
d:\freelancer projects\plugins\learning\aftereffectssdk 17.1.2\examples\nt productions\day4nite\win\x64\debug\day2nite.tlog\link-cvtres.read.1.tlog
d:\freelancer projects\plugins\learning\aftereffectssdk 17.1.2\examples\nt productions\day4nite\win\x64\debug\day2nite.tlog\link-cvtres.write.1.tlog
d:\freelancer projects\plugins\learning\aftereffectssdk 17.1.2\examples\nt productions\day4nite\win\x64\debug\day2nite.tlog\link-rc.read.1.tlog
d:\freelancer projects\plugins\learning\aftereffectssdk 17.1.2\examples\nt productions\day4nite\win\x64\debug\day2nite.tlog\link-rc.write.1.tlog
d:\freelancer projects\plugins\learning\aftereffectssdk 17.1.2\examples\nt productions\day4nite\win\x64\debug\day2nite.tlog\link.26360-cvtres.read.1.tlog
d:\freelancer projects\plugins\learning\aftereffectssdk 17.1.2\examples\nt productions\day4nite\win\x64\debug\day2nite.tlog\link.26360-cvtres.write.1.tlog
d:\freelancer projects\plugins\learning\aftereffectssdk 17.1.2\examples\nt productions\day4nite\win\x64\debug\day2nite.tlog\link.26360-rc.read.1.tlog
d:\freelancer projects\plugins\learning\aftereffectssdk 17.1.2\examples\nt productions\day4nite\win\x64\debug\day2nite.tlog\link.26360-rc.write.1.tlog
d:\freelancer projects\plugins\learning\aftereffectssdk 17.1.2\examples\nt productions\day4nite\win\x64\debug\day2nite.tlog\link.26360.read.1.tlog
d:\freelancer projects\plugins\learning\aftereffectssdk 17.1.2\examples\nt productions\day4nite\win\x64\debug\day2nite.tlog\link.26360.write.1.tlog
d:\freelancer projects\plugins\learning\aftereffectssdk 17.1.2\examples\nt productions\day4nite\win\x64\debug\day2nite.tlog\link.command.1.tlog
d:\freelancer projects\plugins\learning\aftereffectssdk 17.1.2\examples\nt productions\day4nite\win\x64\debug\day2nite.tlog\link.read.1.tlog
d:\freelancer projects\plugins\learning\aftereffectssdk 17.1.2\examples\nt productions\day4nite\win\x64\debug\day2nite.tlog\link.write.1.tlog
d:\freelancer projects\plugins\learning\aftereffectssdk 17.1.2\examples\nt productions\day4nite\win\x64\debug\day2nite.tlog\rc.command.1.tlog
d:\freelancer projects\plugins\learning\aftereffectssdk 17.1.2\examples\nt productions\day4nite\win\x64\debug\day2nite.tlog\rc.read.1.tlog
d:\freelancer projects\plugins\learning\aftereffectssdk 17.1.2\examples\nt productions\day4nite\win\x64\debug\day2nite.tlog\rc.write.1.tlog
